<?xml version="1.0" encoding="UTF-8"?>
<!-- Generated by org.testng.reporters.JUnitXMLReporter -->
<testsuite ignored="0" hostname="DESKTOP-FTDUPQR" failures="0" tests="5" name="Test" time="116.786" errors="0" timestamp="2026-06-23T20:59:14 IST">
  <testcase classname="Test.Destinations" name="getSite" time="23.994"/>
  <testcase classname="Test.Login" name="getSite" time="18.064"/>
  <testcase classname="Test.Login" name="login" time="28.146"/>
  <testcase classname="Test.Login" name="support" time="11.047"/>
  <testcase classname="Test.Login" name="moreOffers" time="35.29"/>
</testsuite> <!-- Test -->
