<?xml version="1.0" encoding="UTF-8"?>
<!-- Generated by org.testng.reporters.JUnitXMLReporter -->
<testsuite ignored="0" hostname="DESKTOP-FTDUPQR" failures="0" tests="5" name="Test" time="119.149" errors="0" timestamp="2026-06-22T14:56:06 IST">
  <testcase classname="Test.Destinations" name="getSite" time="25.445"/>
  <testcase classname="Test.Login" name="getSite" time="18.347"/>
  <testcase classname="Test.Login" name="login" time="28.693"/>
  <testcase classname="Test.Login" name="support" time="10.723"/>
  <testcase classname="Test.Login" name="moreOffers" time="35.859"/>
</testsuite> <!-- Test -->
