<?xml version="1.0" encoding="UTF-8"?>
<!-- Generated by org.testng.reporters.JUnitXMLReporter -->
<testsuite ignored="2" hostname="DESKTOP-FTDUPQR" failures="0" tests="3" name="Smoke Tests" time="81.62" errors="0" timestamp="2026-06-24T17:53:54 IST">
  <testcase classname="Test.Login" name="login" time="31.816"/>
  <testcase classname="Test.Login" name="moreOffers" time="27.93"/>
  <testcase classname="Test.Destinations" name="getSite" time="21.452"/>
  <testcase classname="Test.Login" name="getSite" time="0.0">
    <ignored/>
  </testcase> <!-- getSite -->
  <testcase classname="Test.Login" name="support" time="0.0">
    <ignored/>
  </testcase> <!-- support -->
</testsuite> <!-- Smoke Tests -->
