<?xml version="1.0" encoding="UTF-8"?>
<!-- Generated by org.testng.reporters.JUnitXMLReporter -->
<testsuite ignored="2" hostname="DESKTOP-FTDUPQR" failures="0" tests="3" name="Regression Tests" time="93.55" errors="0" timestamp="2026-06-22T15:01:21 IST">
  <testcase classname="Test.Login" name="getSite" time="19.961"/>
  <testcase classname="Test.Login" name="support" time="17.59"/>
  <testcase classname="Test.Destinations" name="getSite" time="55.849"/>
  <testcase classname="Test.Login" name="moreOffers" time="0.0">
    <ignored/>
  </testcase> <!-- moreOffers -->
  <testcase classname="Test.Login" name="login" time="0.0">
    <ignored/>
  </testcase> <!-- login -->
</testsuite> <!-- Regression Tests -->
