<?xml version="1.0" encoding="UTF-8"?>
<!-- Generated by org.testng.reporters.JUnitXMLReporter -->
<testsuite ignored="0" hostname="DESKTOP-FTDUPQR" failures="0" tests="5" name="ParallelTests" time="142.675" errors="0" timestamp="2026-06-23T13:58:16 IST">
  <testcase classname="Test.Login" name="getSite" time="24.332"/>
  <testcase classname="Test.Destinations" name="getSite" time="75.99"/>
  <testcase classname="Test.Login" name="login" time="59.103"/>
  <testcase classname="Test.Login" name="support" time="12.834"/>
  <testcase classname="Test.Login" name="moreOffers" time="44.889"/>
</testsuite> <!-- ParallelTests -->
