<?xml version="1.0" encoding="UTF-8"?>
<testng-results ignored="2" total="5" passed="3" failed="0" skipped="0">
  <reporter-output>
  </reporter-output>
  <suite started-at="2026-06-24T17:52:32 IST" name="Smoke Suite" finished-at="2026-06-24T17:53:54 IST" duration-ms="81620">
    <groups>
      <group name="regression">
        <method signature="Destinations.getSite()[pri:1, instance:Test.Destinations@7139992f]" name="getSite" class="Test.Destinations"/>
      </group> <!-- regression -->
      <group name="smoke">
        <method signature="Destinations.getSite()[pri:1, instance:Test.Destinations@7139992f]" name="getSite" class="Test.Destinations"/>
        <method signature="Login.login()[pri:2, instance:Test.Login@1be2019a]" name="login" class="Test.Login"/>
        <method signature="Login.moreOffers()[pri:4, instance:Test.Login@1be2019a]" name="moreOffers" class="Test.Login"/>
      </group> <!-- smoke -->
    </groups>
    <test started-at="2026-06-24T17:52:32 IST" name="Smoke Tests" finished-at="2026-06-24T17:53:54 IST" duration-ms="81620">
      <class name="Test.Destinations">
        <test-method signature="getSite()[pri:1, instance:Test.Destinations@7139992f]" started-at="2026-06-24T17:53:32 IST" name="getSite" finished-at="2026-06-24T17:53:54 IST" duration-ms="21452" status="PASS">
          <reporter-output>
          </reporter-output>
        </test-method> <!-- getSite -->
      </class> <!-- Test.Destinations -->
      <class name="Test.Login">
        <test-method signature="login()[pri:2, instance:Test.Login@1be2019a]" started-at="2026-06-24T17:52:32 IST" name="login" finished-at="2026-06-24T17:53:04 IST" duration-ms="31816" status="PASS">
          <reporter-output>
          </reporter-output>
        </test-method> <!-- login -->
        <test-method signature="moreOffers()[pri:4, instance:Test.Login@1be2019a]" started-at="2026-06-24T17:53:04 IST" name="moreOffers" finished-at="2026-06-24T17:53:32 IST" duration-ms="27930" status="PASS">
          <reporter-output>
          </reporter-output>
        </test-method> <!-- moreOffers -->
      </class> <!-- Test.Login -->
    </test> <!-- Smoke Tests -->
  </suite> <!-- Smoke Suite -->
</testng-results>
